<?xml version="1.0" encoding="UTF-8"?>
<testng-results ignored="1" total="2" passed="1" failed="0" skipped="0">
  <reporter-output>
    <line>
      <![CDATA[Completed]]>
    </line>
  </reporter-output>
  <suite started-at="2024-11-03T09:51:16 IST" name="Default suite" finished-at="2024-11-03T09:51:21 IST" duration-ms="4584">
    <groups>
    </groups>
    <test started-at="2024-11-03T09:51:16 IST" name="Default test" finished-at="2024-11-03T09:51:21 IST" duration-ms="4584">
      <class name="testngtest.OrangeTest">
        <test-method is-config="true" signature="setUp()[pri:0, instance:testngtest.OrangeTest@9f116cc]" started-at="2024-11-03T09:51:16 IST" name="setUp" finished-at="2024-11-03T09:51:21 IST" duration-ms="4379" status="PASS">
          <reporter-output>
          </reporter-output>
        </test-method> <!-- setUp -->
        <test-method signature="adminLogout()[pri:2, instance:testngtest.OrangeTest@9f116cc]" started-at="2024-11-03T09:51:21 IST" name="adminLogout" finished-at="2024-11-03T09:51:21 IST" duration-ms="13" status="PASS">
          <reporter-output>
            <line>
              <![CDATA[Completed]]>
            </line>
          </reporter-output>
        </test-method> <!-- adminLogout -->
        <test-method is-config="true" signature="tearDown()[pri:0, instance:testngtest.OrangeTest@9f116cc]" started-at="2024-11-03T09:51:21 IST" name="tearDown" finished-at="2024-11-03T09:51:21 IST" duration-ms="161" status="PASS">
          <reporter-output>
          </reporter-output>
        </test-method> <!-- tearDown -->
      </class> <!-- testngtest.OrangeTest -->
    </test> <!-- Default test -->
  </suite> <!-- Default suite -->
</testng-results>
